c:\users\gil52\gameserver\gameserver\servercore\x64\debug\servercore.pch
c:\users\gil52\gameserver\gameserver\libraries\debug\servercore.pdb
c:\users\gil52\gameserver\gameserver\libraries\debug\servercore.idb
c:\users\gil52\gameserver\gameserver\servercore\x64\debug\pch.obj
c:\users\gil52\gameserver\gameserver\servercore\x64\debug\threadmanager.obj
c:\users\gil52\gameserver\gameserver\servercore\x64\debug\refcountable.obj
c:\users\gil52\gameserver\gameserver\servercore\x64\debug\memorypool.obj
c:\users\gil52\gameserver\gameserver\servercore\x64\debug\memory.obj
c:\users\gil52\gameserver\gameserver\servercore\x64\debug\lock.obj
c:\users\gil52\gameserver\gameserver\servercore\x64\debug\deadlockprofiler.obj
c:\users\gil52\gameserver\gameserver\servercore\x64\debug\coretls.obj
c:\users\gil52\gameserver\gameserver\servercore\x64\debug\corepch.obj
c:\users\gil52\gameserver\gameserver\servercore\x64\debug\coreglobal.obj
c:\users\gil52\gameserver\gameserver\servercore\x64\debug\allocator.obj
c:\users\gil52\gameserver\gameserver\libraries\debug\servercore.lib
c:\users\gil52\gameserver\gameserver\servercore\x64\debug\servercore.tlog\cl.command.1.tlog
c:\users\gil52\gameserver\gameserver\servercore\x64\debug\servercore.tlog\cl.items.tlog
c:\users\gil52\gameserver\gameserver\servercore\x64\debug\servercore.tlog\cl.read.1.tlog
c:\users\gil52\gameserver\gameserver\servercore\x64\debug\servercore.tlog\cl.write.1.tlog
c:\users\gil52\gameserver\gameserver\servercore\x64\debug\servercore.tlog\lib-link.read.1.tlog
c:\users\gil52\gameserver\gameserver\servercore\x64\debug\servercore.tlog\lib-link.write.1.tlog
c:\users\gil52\gameserver\gameserver\servercore\x64\debug\servercore.tlog\lib.command.1.tlog
